2023-06-14 16:44:14.939 | ERROR | 2-thread-8 | .ISaDA.NewsProcessor:36    | -> Статья добавлена в очередь на обработку!
2023-06-14 16:44:14.941 | ERROR | 2-thread-8 | .ISaDA.NewsProcessor:36    | -> Статья добавлена в очередь на обработку!
2023-06-14 16:44:14.942 | ERROR | 2-thread-8 | .ISaDA.NewsProcessor:36    | -> Статья добавлена в очередь на обработку!
2023-06-14 16:44:14.943 | ERROR | 2-thread-9 | .ISaDA.NewsProcessor:36    | -> Статья добавлена в очередь на обработку!
2023-06-14 16:44:14.944 | ERROR | 2-thread-9 | .ISaDA.NewsProcessor:36    | -> Статья добавлена в очередь на обработку!
2023-06-14 16:44:14.946 | ERROR | 2-thread-9 | .ISaDA.NewsProcessor:36    | -> Статья добавлена в очередь на обработку!
2023-06-14 16:44:14.947 | ERROR | 2-thread-9 | .ISaDA.NewsProcessor:36    | -> Статья добавлена в очередь на обработку!
2023-06-14 16:44:14.948 | ERROR | 2-thread-9 | .ISaDA.NewsProcessor:36    | -> Статья добавлена в очередь на обработку!
2023-06-14 16:44:14.949 | ERROR | 2-thread-9 | .ISaDA.NewsProcessor:36    | -> Статья добавлена в очередь на обработку!
2023-06-14 16:44:14.952 | ERROR | 2-thread-9 | .ISaDA.NewsProcessor:36    | -> Статья добавлена в очередь на обработку!
2023-06-14 16:44:14.953 | ERROR | 2-thread-9 | .ISaDA.NewsProcessor:36    | -> Статья добавлена в очередь на обработку!
2023-06-14 16:44:14.954 | ERROR | 2-thread-9 | .ISaDA.NewsProcessor:40    | Unexpected character (П) at position 686.
2023-06-14 16:44:14.956 | ERROR | 2-thread-9 | .ISaDA.NewsProcessor:36    | -> Статья добавлена в очередь на обработку!
2023-06-14 16:44:14.957 | ERROR | 2-thread-9 | .ISaDA.NewsProcessor:36    | -> Статья добавлена в очередь на обработку!
2023-06-14 16:44:14.957 | ERROR | 2-thread-9 | .ISaDA.NewsProcessor:40    | Unexpected character (Л) at position 715.
2023-06-14 16:44:14.958 | ERROR | 2-thread-9 | .ISaDA.NewsProcessor:36    | -> Статья добавлена в очередь на обработку!
2023-06-14 16:44:14.960 | ERROR | 2-thread-9 | .ISaDA.NewsProcessor:36    | -> Статья добавлена в очередь на обработку!
2023-06-14 16:44:14.961 | ERROR | 2-thread-9 | .ISaDA.NewsProcessor:40    | Unexpected character (Н) at position 760.
2023-06-14 16:44:14.962 | ERROR | 2-thread-9 | .ISaDA.NewsProcessor:36    | -> Статья добавлена в очередь на обработку!
2023-06-14 16:44:14.963 | ERROR | -thread-10 | .ISaDA.NewsProcessor:36    | -> Статья добавлена в очередь на обработку!
2023-06-14 16:44:14.964 | ERROR | -thread-10 | .ISaDA.NewsProcessor:36    | -> Статья добавлена в очередь на обработку!
2023-06-14 16:44:14.965 | ERROR | -thread-10 | .ISaDA.NewsProcessor:36    | -> Статья добавлена в очередь на обработку!
2023-06-14 16:44:14.966 | ERROR | -thread-10 | .ISaDA.NewsProcessor:36    | -> Статья добавлена в очередь на обработку!
2023-06-14 16:44:14.967 | ERROR | -thread-10 | .ISaDA.NewsProcessor:36    | -> Статья добавлена в очередь на обработку!
2023-06-14 16:44:14.968 | ERROR | -thread-10 | .ISaDA.NewsProcessor:36    | -> Статья добавлена в очередь на обработку!
2023-06-14 16:44:14.969 | ERROR | -thread-10 | .ISaDA.NewsProcessor:40    | Unexpected character (С) at position 1203.
2023-06-14 16:44:14.970 | ERROR | -thread-10 | .ISaDA.NewsProcessor:36    | -> Статья добавлена в очередь на обработку!
2023-06-14 16:44:14.971 | ERROR | -thread-10 | .ISaDA.NewsProcessor:40    | Unexpected character (п) at position 699.
2023-06-14 16:44:14.971 | ERROR | -thread-10 | .ISaDA.NewsProcessor:36    | -> Статья добавлена в очередь на обработку!
2023-06-14 16:44:14.972 | ERROR | -thread-10 | .ISaDA.NewsProcessor:36    | -> Статья добавлена в очередь на обработку!
2023-06-14 16:44:14.973 | ERROR | -thread-10 | .ISaDA.NewsProcessor:36    | -> Статья добавлена в очередь на обработку!
2023-06-14 16:44:14.973 | ERROR | -thread-10 | .ISaDA.NewsProcessor:36    | -> Статья добавлена в очередь на обработку!
2023-06-14 16:44:14.974 | ERROR | -thread-10 | .ISaDA.NewsProcessor:36    | -> Статья добавлена в очередь на обработку!
2023-06-14 16:44:14.975 | ERROR | -thread-10 | .ISaDA.NewsProcessor:36    | -> Статья добавлена в очередь на обработку!
2023-06-14 16:44:14.976 | ERROR | -thread-10 | .ISaDA.NewsProcessor:36    | -> Статья добавлена в очередь на обработку!
2023-06-14 16:44:14.977 | ERROR | -thread-11 | .ISaDA.NewsProcessor:36    | -> Статья добавлена в очередь на обработку!
2023-06-14 16:44:14.978 | ERROR | -thread-11 | .ISaDA.NewsProcessor:36    | -> Статья добавлена в очередь на обработку!
2023-06-14 16:44:14.979 | ERROR | -thread-11 | .ISaDA.NewsProcessor:36    | -> Статья добавлена в очередь на обработку!
2023-06-14 16:44:14.980 | ERROR | -thread-11 | .ISaDA.NewsProcessor:36    | -> Статья добавлена в очередь на обработку!
2023-06-14 16:44:14.981 | ERROR | -thread-11 | .ISaDA.NewsProcessor:36    | -> Статья добавлена в очередь на обработку!
2023-06-14 16:44:14.982 | ERROR | -thread-11 | .ISaDA.NewsProcessor:36    | -> Статья добавлена в очередь на обработку!
2023-06-14 16:44:14.982 | ERROR | -thread-11 | .ISaDA.NewsProcessor:36    | -> Статья добавлена в очередь на обработку!
2023-06-14 16:44:14.984 | ERROR | -thread-11 | .ISaDA.NewsProcessor:36    | -> Статья добавлена в очередь на обработку!
2023-06-14 16:44:14.985 | ERROR | -thread-11 | .ISaDA.NewsProcessor:36    | -> Статья добавлена в очередь на обработку!
2023-06-14 16:44:14.986 | ERROR | -thread-11 | .ISaDA.NewsProcessor:36    | -> Статья добавлена в очередь на обработку!
2023-06-14 16:44:14.987 | ERROR | -thread-11 | .ISaDA.NewsProcessor:40    | Unexpected character (Г) at position 590.
2023-06-14 16:44:14.988 | ERROR | -thread-11 | .ISaDA.NewsProcessor:36    | -> Статья добавлена в очередь на обработку!
2023-06-14 16:44:14.989 | ERROR | -thread-11 | .ISaDA.NewsProcessor:36    | -> Статья добавлена в очередь на обработку!
2023-06-14 16:44:14.989 | ERROR | -thread-11 | .ISaDA.NewsProcessor:36    | -> Статья добавлена в очередь на обработку!
2023-06-14 16:44:14.990 | ERROR | -thread-11 | .ISaDA.NewsProcessor:36    | -> Статья добавлена в очередь на обработку!
2023-06-14 16:44:14.990 | ERROR | -thread-11 | .ISaDA.NewsProcessor:40    | Unexpected character (Ш) at position 521.
2023-06-14 16:44:14.991 | ERROR | -thread-12 | .ISaDA.NewsProcessor:36    | -> Статья добавлена в очередь на обработку!
2023-06-14 16:44:14.992 | ERROR | -thread-12 | .ISaDA.NewsProcessor:36    | -> Статья добавлена в очередь на обработку!
2023-06-14 16:44:14.993 | ERROR | -thread-12 | .ISaDA.NewsProcessor:36    | -> Статья добавлена в очередь на обработку!
2023-06-14 16:44:14.993 | ERROR | -thread-12 | .ISaDA.NewsProcessor:36    | -> Статья добавлена в очередь на обработку!
2023-06-14 16:44:14.994 | ERROR | -thread-12 | .ISaDA.NewsProcessor:36    | -> Статья добавлена в очередь на обработку!
2023-06-14 16:44:14.994 | ERROR | -thread-12 | .ISaDA.NewsProcessor:40    | Unexpected character (М) at position 379.
2023-06-14 16:44:14.995 | ERROR | -thread-12 | .ISaDA.NewsProcessor:36    | -> Статья добавлена в очередь на обработку!
2023-06-14 16:44:14.996 | ERROR | -thread-12 | .ISaDA.NewsProcessor:36    | -> Статья добавлена в очередь на обработку!
2023-06-14 16:44:14.996 | ERROR | -thread-12 | .ISaDA.NewsProcessor:40    | Unexpected character (Н) at position 546.
2023-06-14 16:44:14.996 | ERROR | -thread-12 | .ISaDA.NewsProcessor:36    | -> Статья добавлена в очередь на обработку!
2023-06-14 16:44:14.997 | ERROR | -thread-12 | .ISaDA.NewsProcessor:36    | -> Статья добавлена в очередь на обработку!
2023-06-14 16:44:14.997 | ERROR | -thread-12 | .ISaDA.NewsProcessor:40    | Unexpected character (В) at position 478.
2023-06-14 16:44:14.998 | ERROR | -thread-12 | .ISaDA.NewsProcessor:36    | -> Статья добавлена в очередь на обработку!
2023-06-14 16:44:14.999 | ERROR | -thread-12 | .ISaDA.NewsProcessor:36    | -> Статья добавлена в очередь на обработку!
2023-06-14 16:44:14.999 | ERROR | -thread-12 | .ISaDA.NewsProcessor:36    | -> Статья добавлена в очередь на обработку!
2023-06-14 16:44:15.000 | ERROR | -thread-12 | .ISaDA.NewsProcessor:36    | -> Статья добавлена в очередь на обработку!
2023-06-14 16:44:15.001 | ERROR | -thread-13 | .ISaDA.NewsProcessor:36    | -> Статья добавлена в очередь на обработку!
2023-06-14 16:44:15.002 | ERROR | -thread-13 | .ISaDA.NewsProcessor:36    | -> Статья добавлена в очередь на обработку!
2023-06-14 16:44:15.002 | ERROR | -thread-13 | .ISaDA.NewsProcessor:36    | -> Статья добавлена в очередь на обработку!
2023-06-14 16:44:15.003 | ERROR | -thread-13 | .ISaDA.NewsProcessor:36    | -> Статья добавлена в очередь на обработку!
2023-06-14 16:44:15.003 | ERROR | -thread-13 | .ISaDA.NewsProcessor:36    | -> Статья добавлена в очередь на обработку!
2023-06-14 16:44:15.004 | ERROR | -thread-13 | .ISaDA.NewsProcessor:36    | -> Статья добавлена в очередь на обработку!
2023-06-14 16:44:15.793 | ERROR | -thread-15 | .ISaDA.NewsProcessor:36    | -> Статья добавлена в очередь на обработку!
2023-06-14 16:44:15.826 | ERROR | -thread-16 | .ISaDA.NewsProcessor:36    | -> Статья добавлена в очередь на обработку!
2023-06-14 16:44:15.856 | ERROR | -thread-17 | .ISaDA.NewsProcessor:36    | -> Статья добавлена в очередь на обработку!
2023-06-14 16:44:15.880 | ERROR | -thread-18 | .ISaDA.NewsProcessor:36    | -> Статья добавлена в очередь на обработку!
2023-06-14 16:44:15.905 | ERROR | 2-thread-3 | .ISaDA.NewsProcessor:36    | -> Статья добавлена в очередь на обработку!
2023-06-14 16:44:15.930 | ERROR | 2-thread-4 | .ISaDA.NewsProcessor:36    | -> Статья добавлена в очередь на обработку!
2023-06-14 16:44:15.955 | ERROR | 2-thread-7 | .ISaDA.NewsProcessor:36    | -> Статья добавлена в очередь на обработку!
2023-06-14 16:44:15.982 | ERROR | 2-thread-8 | .ISaDA.NewsProcessor:36    | -> Статья добавлена в очередь на обработку!
2023-06-14 16:44:16.004 | ERROR | Thread-6   | A.ElasticBulkCreator:66    | Ошибка во время индексации статей!
2023-06-14 16:44:16.004 | ERROR | Thread-6   | A.ElasticBulkCreator:69    | [[78, 59, 57, 105, -70, -74, 94, 34, 118, 57, 77, 11, 87, -20, 111, 50]]: version conflict, document already exists (current version [1])
2023-06-14 16:44:16.005 | ERROR | Thread-6   | A.ElasticBulkCreator:69    | [[124, 121, -21, -98, -108, 3, -15, 10, -48, 71, -34, -20, -59, -81, 75, -118]]: version conflict, document already exists (current version [1])
2023-06-14 16:44:16.015 | ERROR | 2-thread-9 | .ISaDA.NewsProcessor:36    | -> Статья добавлена в очередь на обработку!
2023-06-14 16:44:16.180 | ERROR | -thread-10 | .ISaDA.NewsProcessor:36    | -> Статья добавлена в очередь на обработку!
2023-06-14 16:44:16.206 | ERROR | -thread-11 | .ISaDA.NewsProcessor:36    | -> Статья добавлена в очередь на обработку!
2023-06-14 16:44:16.232 | ERROR | -thread-12 | .ISaDA.NewsProcessor:36    | -> Статья добавлена в очередь на обработку!
2023-06-14 16:44:16.255 | ERROR | -thread-13 | .ISaDA.NewsProcessor:36    | -> Статья добавлена в очередь на обработку!
2023-06-14 16:44:16.279 | ERROR | -thread-15 | .ISaDA.NewsProcessor:36    | -> Статья добавлена в очередь на обработку!
2023-06-14 16:44:16.304 | ERROR | -thread-16 | .ISaDA.NewsProcessor:36    | -> Статья добавлена в очередь на обработку!
2023-06-14 16:44:16.506 | ERROR | -thread-17 | .ISaDA.NewsProcessor:36    | -> Статья добавлена в очередь на обработку!
2023-06-14 16:44:16.528 | ERROR | 2-thread-3 | .ISaDA.NewsProcessor:40    | Unexpected character (П) at position 686.
2023-06-14 16:44:16.553 | ERROR | 2-thread-4 | .ISaDA.NewsProcessor:36    | -> Статья добавлена в очередь на обработку!
2023-06-14 16:44:16.576 | ERROR | Thread-7   | A.ElasticBulkCreator:66    | Ошибка во время индексации статей!
2023-06-14 16:44:16.576 | ERROR | Thread-7   | A.ElasticBulkCreator:69    | [[-91, -122, -77, -61, -113, 90, -55, 82, 14, -116, -72, -1, 105, 35, -121, -26]]: version conflict, document already exists (current version [1])
2023-06-14 16:44:16.576 | ERROR | Thread-7   | A.ElasticBulkCreator:69    | [[4, 11, 59, -75, -110, 65, 44, 99, -2, -113, 37, 31, 125, -99, -122, -47]]: version conflict, document already exists (current version [1])
2023-06-14 16:44:16.577 | ERROR | Thread-7   | A.ElasticBulkCreator:69    | [[69, -41, -105, 33, 39, -63, -19, 68, -5, 17, -19, 62, -60, -14, -75, -50]]: version conflict, document already exists (current version [1])
2023-06-14 16:44:16.577 | ERROR | Thread-7   | A.ElasticBulkCreator:69    | [[43, 108, -22, -103, 97, -128, -5, -64, -101, -31, 1, -27, -57, -96, -56, -59]]: version conflict, document already exists (current version [1])
2023-06-14 16:44:16.577 | ERROR | Thread-7   | A.ElasticBulkCreator:69    | [[30, 73, 35, 66, -8, -76, 117, -110, -70, 7, -10, 33, -2, 120, -27, 73]]: version conflict, document already exists (current version [1])
2023-06-14 16:44:16.577 | ERROR | Thread-7   | A.ElasticBulkCreator:69    | [[-61, -87, -46, 21, 27, 84, 58, 50, -90, 104, 57, -32, -1, 79, -35, -53]]: version conflict, document already exists (current version [1])
2023-06-14 16:44:16.577 | ERROR | Thread-7   | A.ElasticBulkCreator:69    | [[-73, 52, 77, 41, 55, -12, 15, 61, 78, -81, 54, -25, -16, -36, -75, 64]]: version conflict, document already exists (current version [1])
2023-06-14 16:44:16.577 | ERROR | Thread-7   | A.ElasticBulkCreator:69    | [[92, -123, -106, -14, -124, -76, 48, 60, 45, -85, -32, 28, 110, 121, -113, -39]]: version conflict, document already exists (current version [1])
2023-06-14 16:44:16.578 | ERROR | Thread-7   | A.ElasticBulkCreator:69    | [[16, -58, -33, 53, 75, 119, 68, -118, -27, 28, -34, 85, -62, -70, 83, -49]]: version conflict, document already exists (current version [1])
2023-06-14 16:44:16.578 | ERROR | 2-thread-6 | .ISaDA.NewsProcessor:36    | -> Статья добавлена в очередь на обработку!
2023-06-14 16:44:16.578 | ERROR | Thread-7   | A.ElasticBulkCreator:69    | [[-110, 58, -104, -79, -73, 34, 51, 94, -49, -29, 99, 88, -108, 77, 90, -117]]: version conflict, document already exists (current version [1])
2023-06-14 16:44:16.605 | ERROR | 2-thread-7 | .ISaDA.NewsProcessor:40    | Unexpected character (Л) at position 715.
2023-06-14 16:44:16.629 | ERROR | 2-thread-8 | .ISaDA.NewsProcessor:36    | -> Статья добавлена в очередь на обработку!
2023-06-14 16:44:16.821 | ERROR | 2-thread-9 | .ISaDA.NewsProcessor:36    | -> Статья добавлена в очередь на обработку!
2023-06-14 16:44:16.845 | ERROR | -thread-10 | .ISaDA.NewsProcessor:40    | Unexpected character (Н) at position 760.
2023-06-14 16:44:16.868 | ERROR | -thread-11 | .ISaDA.NewsProcessor:36    | -> Статья добавлена в очередь на обработку!
2023-06-14 16:44:17.036 | ERROR | -thread-12 | .ISaDA.NewsProcessor:36    | -> Статья добавлена в очередь на обработку!
2023-06-14 16:44:17.058 | ERROR | -thread-15 | .ISaDA.NewsProcessor:36    | -> Статья добавлена в очередь на обработку!
2023-06-14 16:44:17.080 | ERROR | -thread-16 | .ISaDA.NewsProcessor:36    | -> Статья добавлена в очередь на обработку!
2023-06-14 16:44:17.104 | ERROR | -thread-17 | .ISaDA.NewsProcessor:36    | -> Статья добавлена в очередь на обработку!
2023-06-14 16:44:17.130 | ERROR | -thread-18 | .ISaDA.NewsProcessor:36    | -> Статья добавлена в очередь на обработку!
2023-06-14 16:44:17.153 | ERROR | 2-thread-3 | .ISaDA.NewsProcessor:36    | -> Статья добавлена в очередь на обработку!
2023-06-14 16:44:17.165 | ERROR | Thread-8   | A.ElasticBulkCreator:66    | Ошибка во время индексации статей!
2023-06-14 16:44:17.165 | ERROR | Thread-8   | A.ElasticBulkCreator:69    | [[-50, 115, -92, 113, 38, -97, -110, -7, 98, 80, 38, 64, -62, -123, -72, 31]]: version conflict, document already exists (current version [1])
2023-06-14 16:44:17.166 | ERROR | Thread-8   | A.ElasticBulkCreator:69    | [[121, -106, 45, -43, -60, -43, 14, 71, -2, -75, 16, 7, 114, -39, -122, 122]]: version conflict, document already exists (current version [1])
2023-06-14 16:44:17.166 | ERROR | Thread-8   | A.ElasticBulkCreator:69    | [[-70, 61, 15, -108, 72, -4, -61, -8, 112, 90, 60, 87, 90, 61, -5, -125]]: version conflict, document already exists (current version [1])
2023-06-14 16:44:17.166 | ERROR | Thread-8   | A.ElasticBulkCreator:69    | [[-75, -89, -79, 23, -15, 48, -63, -109, -8, 124, 67, -24, 81, -30, 59, -50]]: version conflict, document already exists (current version [1])
2023-06-14 16:44:17.166 | ERROR | Thread-8   | A.ElasticBulkCreator:69    | [[-1, 107, 97, 122, -21, -60, 4, -108, 108, -56, 61, -110, 75, 37, 64, -63]]: version conflict, document already exists (current version [1])
2023-06-14 16:44:17.166 | ERROR | Thread-8   | A.ElasticBulkCreator:69    | [[113, -67, -8, -120, 85, -103, -39, 77, 55, 22, -111, 31, -23, -9, -116, -17]]: version conflict, document already exists (current version [1])
2023-06-14 16:44:17.166 | ERROR | Thread-8   | A.ElasticBulkCreator:69    | [[96, 115, -82, -105, -30, -41, 83, -45, -32, 49, 72, 29, -19, -112, 106, -67]]: version conflict, document already exists (current version [1])
2023-06-14 16:44:17.166 | ERROR | Thread-8   | A.ElasticBulkCreator:69    | [[46, -120, -76, 81, 72, -60, 85, -60, -112, 102, 116, -61, 45, -94, -126, 23]]: version conflict, document already exists (current version [1])
2023-06-14 16:44:17.166 | ERROR | Thread-8   | A.ElasticBulkCreator:69    | [[-25, 119, -107, -36, -10, -63, -77, 107, -41, -124, -127, -105, -26, 104, 32, -57]]: version conflict, document already exists (current version [1])
2023-06-14 16:44:17.166 | ERROR | Thread-8   | A.ElasticBulkCreator:69    | [[-67, -64, -3, -112, 67, 108, 12, -1, 2, 25, -30, -31, 93, -66, 111, 91]]: version conflict, document already exists (current version [1])
2023-06-14 16:44:17.175 | ERROR | 2-thread-4 | .ISaDA.NewsProcessor:40    | Unexpected character (С) at position 1203.
2023-06-14 16:44:17.199 | ERROR | 2-thread-6 | .ISaDA.NewsProcessor:36    | -> Статья добавлена в очередь на обработку!
2023-06-14 16:44:17.223 | ERROR | 2-thread-8 | .ISaDA.NewsProcessor:40    | Unexpected character (п) at position 699.
2023-06-14 16:44:17.247 | ERROR | 2-thread-9 | .ISaDA.NewsProcessor:36    | -> Статья добавлена в очередь на обработку!
2023-06-14 16:44:17.273 | ERROR | -thread-10 | .ISaDA.NewsProcessor:36    | -> Статья добавлена в очередь на обработку!
2023-06-14 16:44:17.296 | ERROR | -thread-11 | .ISaDA.NewsProcessor:36    | -> Статья добавлена в очередь на обработку!
2023-06-14 16:44:17.318 | ERROR | -thread-12 | .ISaDA.NewsProcessor:36    | -> Статья добавлена в очередь на обработку!
2023-06-14 16:44:17.341 | ERROR | -thread-13 | .ISaDA.NewsProcessor:36    | -> Статья добавлена в очередь на обработку!
2023-06-14 16:44:17.366 | ERROR | -thread-15 | .ISaDA.NewsProcessor:36    | -> Статья добавлена в очередь на обработку!
2023-06-14 16:44:17.384 | ERROR | -thread-16 | .ISaDA.NewsProcessor:36    | -> Статья добавлена в очередь на обработку!
2023-06-14 16:44:17.404 | ERROR | -thread-17 | .ISaDA.NewsProcessor:36    | -> Статья добавлена в очередь на обработку!
2023-06-14 16:44:17.429 | ERROR | -thread-18 | .ISaDA.NewsProcessor:36    | -> Статья добавлена в очередь на обработку!
2023-06-14 16:44:17.445 | ERROR | Thread-9   | A.ElasticBulkCreator:66    | Ошибка во время индексации статей!
2023-06-14 16:44:17.446 | ERROR | Thread-9   | A.ElasticBulkCreator:69    | [[-125, -114, -52, -119, -15, -68, -10, 28, 56, 106, 70, -120, 23, -73, -74, -101]]: version conflict, document already exists (current version [1])
2023-06-14 16:44:17.446 | ERROR | Thread-9   | A.ElasticBulkCreator:69    | [[88, 52, -5, 18, -11, -50, 125, -27, 105, 95, -50, 58, 1, -29, 48, 40]]: version conflict, document already exists (current version [1])
2023-06-14 16:44:17.446 | ERROR | Thread-9   | A.ElasticBulkCreator:69    | [[56, -29, -52, -13, 79, 81, 47, -42, -76, 118, 113, -18, -68, 98, 21, -23]]: version conflict, document already exists (current version [1])
2023-06-14 16:44:17.446 | ERROR | Thread-9   | A.ElasticBulkCreator:69    | [[-126, 122, -96, 52, 44, -22, 97, -119, 20, -22, 90, -31, -78, 32, 26, -6]]: version conflict, document already exists (current version [1])
2023-06-14 16:44:17.446 | ERROR | Thread-9   | A.ElasticBulkCreator:69    | [[27, -97, -22, -112, 34, -46, 116, -62, -118, 3, 125, -11, -92, -51, -73, 118]]: version conflict, document already exists (current version [1])
2023-06-14 16:44:17.446 | ERROR | Thread-9   | A.ElasticBulkCreator:69    | [[6, 27, -100, 102, -102, 106, 72, -30, 19, -65, 93, 99, 1, 85, 31, -54]]: version conflict, document already exists (current version [1])
2023-06-14 16:44:17.446 | ERROR | Thread-9   | A.ElasticBulkCreator:69    | [[-91, -95, 56, 52, 83, -78, 127, 27, -3, -35, 25, -81, -85, -66, -10, 30]]: version conflict, document already exists (current version [1])
2023-06-14 16:44:17.446 | ERROR | Thread-9   | A.ElasticBulkCreator:69    | [[97, -33, 2, 126, 58, 40, 84, -59, -7, 46, -26, -9, -46, -51, 125, -1]]: version conflict, document already exists (current version [1])
2023-06-14 16:44:17.446 | ERROR | Thread-9   | A.ElasticBulkCreator:69    | [[28, -118, 109, 22, 93, 6, -58, -102, -10, -46, -35, 75, -106, 10, -67, -92]]: version conflict, document already exists (current version [1])
2023-06-14 16:44:17.446 | ERROR | Thread-9   | A.ElasticBulkCreator:69    | [[-2, -61, -74, 11, -111, 61, 33, 67, -115, 108, 66, 86, 33, 42, 17, -8]]: version conflict, document already exists (current version [1])
2023-06-14 16:44:17.450 | ERROR | 2-thread-3 | .ISaDA.NewsProcessor:36    | -> Статья добавлена в очередь на обработку!
2023-06-14 16:44:17.473 | ERROR | 2-thread-4 | .ISaDA.NewsProcessor:36    | -> Статья добавлена в очередь на обработку!
2023-06-14 16:44:17.497 | ERROR | 2-thread-6 | .ISaDA.NewsProcessor:36    | -> Статья добавлена в очередь на обработку!
2023-06-14 16:44:17.524 | ERROR | 2-thread-7 | .ISaDA.NewsProcessor:36    | -> Статья добавлена в очередь на обработку!
2023-06-14 16:44:17.546 | ERROR | 2-thread-8 | .ISaDA.NewsProcessor:36    | -> Статья добавлена в очередь на обработку!
2023-06-14 16:44:17.685 | ERROR | 2-thread-9 | .ISaDA.NewsProcessor:36    | -> Статья добавлена в очередь на обработку!
2023-06-14 16:44:17.709 | ERROR | -thread-11 | .ISaDA.NewsProcessor:36    | -> Статья добавлена в очередь на обработку!
2023-06-14 16:44:17.732 | ERROR | -thread-12 | .ISaDA.NewsProcessor:36    | -> Статья добавлена в очередь на обработку!
2023-06-14 16:44:17.756 | ERROR | -thread-13 | .ISaDA.NewsProcessor:40    | Unexpected character (Г) at position 590.
2023-06-14 16:44:17.776 | ERROR | -thread-15 | .ISaDA.NewsProcessor:36    | -> Статья добавлена в очередь на обработку!
2023-06-14 16:44:17.798 | ERROR | -thread-16 | .ISaDA.NewsProcessor:36    | -> Статья добавлена в очередь на обработку!
2023-06-14 16:44:17.812 | ERROR | Thread-10  | A.ElasticBulkCreator:66    | Ошибка во время индексации статей!
2023-06-14 16:44:17.812 | ERROR | Thread-10  | A.ElasticBulkCreator:69    | [[-54, 122, 69, -127, -28, 106, -50, 110, -39, -6, -110, -120, 16, -92, 109, -113]]: version conflict, document already exists (current version [1])
2023-06-14 16:44:17.812 | ERROR | Thread-10  | A.ElasticBulkCreator:69    | [[65, -24, -50, -115, 97, -108, -82, 63, -77, 5, 73, -71, 12, -43, 3, 28]]: version conflict, document already exists (current version [1])
2023-06-14 16:44:17.812 | ERROR | Thread-10  | A.ElasticBulkCreator:69    | [[-87, -48, 100, 37, -81, -34, 7, 14, 108, 119, 3, 62, -11, 74, 46, 14]]: version conflict, document already exists (current version [1])
2023-06-14 16:44:17.813 | ERROR | Thread-10  | A.ElasticBulkCreator:69    | [[-1, -112, 105, 0, 4, -67, 49, 98, 114, -91, -113, 23, -8, -121, -20, 122]]: version conflict, document already exists (current version [1])
2023-06-14 16:44:17.813 | ERROR | Thread-10  | A.ElasticBulkCreator:69    | [[-91, -26, -52, 50, 124, -12, 65, -125, -1, 20, 3, -101, 28, -7, -66, -75]]: version conflict, document already exists (current version [1])
2023-06-14 16:44:17.813 | ERROR | Thread-10  | A.ElasticBulkCreator:69    | [[-105, 6, -123, 12, 5, 124, -10, -39, 20, -31, 29, 25, -11, 18, 91, -5]]: version conflict, document already exists (current version [1])
2023-06-14 16:44:17.813 | ERROR | Thread-10  | A.ElasticBulkCreator:69    | [[-24, -85, -4, -15, -124, 5, 4, -49, -35, 13, -70, -65, -128, 69, -112, 52]]: version conflict, document already exists (current version [1])
2023-06-14 16:44:17.813 | ERROR | Thread-10  | A.ElasticBulkCreator:69    | [[-9, 40, 93, -76, 48, 65, -39, -51, -48, -49, 75, -107, 97, -78, -104, -56]]: version conflict, document already exists (current version [1])
2023-06-14 16:44:17.813 | ERROR | Thread-10  | A.ElasticBulkCreator:69    | [[123, 65, -16, -111, 73, -74, -16, 71, 127, 68, -1, 10, -115, 126, -103, 21]]: version conflict, document already exists (current version [1])
2023-06-14 16:44:17.813 | ERROR | Thread-10  | A.ElasticBulkCreator:69    | [[122, 32, 80, 12, -12, -52, -81, -90, -108, -105, -12, 13, 50, -106, -16, 18]]: version conflict, document already exists (current version [1])
2023-06-14 16:44:17.818 | ERROR | -thread-18 | .ISaDA.NewsProcessor:36    | -> Статья добавлена в очередь на обработку!
2023-06-14 16:44:17.841 | ERROR | 2-thread-3 | .ISaDA.NewsProcessor:36    | -> Статья добавлена в очередь на обработку!
2023-06-14 16:44:17.864 | ERROR | 2-thread-4 | .ISaDA.NewsProcessor:40    | Unexpected character (Ш) at position 521.
2023-06-14 16:44:17.884 | ERROR | 2-thread-6 | .ISaDA.NewsProcessor:36    | -> Статья добавлена в очередь на обработку!
2023-06-14 16:44:17.907 | ERROR | 2-thread-7 | .ISaDA.NewsProcessor:36    | -> Статья добавлена в очередь на обработку!
2023-06-14 16:44:17.931 | ERROR | 2-thread-8 | .ISaDA.NewsProcessor:36    | -> Статья добавлена в очередь на обработку!
2023-06-14 16:44:17.952 | ERROR | 2-thread-9 | .ISaDA.NewsProcessor:36    | -> Статья добавлена в очередь на обработку!
2023-06-14 16:44:17.977 | ERROR | -thread-10 | .ISaDA.NewsProcessor:36    | -> Статья добавлена в очередь на обработку!
2023-06-14 16:44:18.003 | ERROR | -thread-11 | .ISaDA.NewsProcessor:40    | Unexpected character (М) at position 379.
2023-06-14 16:44:18.026 | ERROR | -thread-12 | .ISaDA.NewsProcessor:36    | -> Статья добавлена в очередь на обработку!
2023-06-14 16:44:18.053 | ERROR | 2-thread-5 | .ISaDA.NewsProcessor:36    | -> Статья добавлена в очередь на обработку!
2023-06-14 16:44:18.075 | ERROR | -thread-13 | .ISaDA.NewsProcessor:40    | Unexpected character (Н) at position 546.
2023-06-14 16:44:18.098 | ERROR | -thread-15 | .ISaDA.NewsProcessor:36    | -> Статья добавлена в очередь на обработку!
2023-06-14 16:44:18.112 | ERROR | Thread-11  | A.ElasticBulkCreator:66    | Ошибка во время индексации статей!
2023-06-14 16:44:18.112 | ERROR | Thread-11  | A.ElasticBulkCreator:69    | [[-64, 26, 107, 58, -99, -95, -56, 94, -100, 77, 111, -35, -12, 76, 33, -54]]: version conflict, document already exists (current version [1])
2023-06-14 16:44:18.112 | ERROR | Thread-11  | A.ElasticBulkCreator:69    | [[29, 41, -55, -66, 83, 23, 21, 111, -121, 98, -71, 29, 102, 90, 57, -56]]: version conflict, document already exists (current version [1])
2023-06-14 16:44:18.112 | ERROR | Thread-11  | A.ElasticBulkCreator:69    | [[121, 12, 103, 32, -75, -104, 35, 49, 111, -81, -47, 48, 108, 66, 118, -26]]: version conflict, document already exists (current version [1])
2023-06-14 16:44:18.112 | ERROR | Thread-11  | A.ElasticBulkCreator:69    | [[-64, 41, 79, -114, -1, -66, 107, 46, -42, 65, 30, 22, -42, -61, -25, 10]]: version conflict, document already exists (current version [1])
2023-06-14 16:44:18.112 | ERROR | Thread-11  | A.ElasticBulkCreator:69    | [[-119, 49, -51, -107, -108, -85, -47, -13, 11, 7, -102, -81, -5, 110, -59, 3]]: version conflict, document already exists (current version [1])
2023-06-14 16:44:18.112 | ERROR | Thread-11  | A.ElasticBulkCreator:69    | [[107, 89, 67, 42, -48, -73, -36, 97, -110, 45, -127, -8, 62, -97, 1, 80]]: version conflict, document already exists (current version [1])
2023-06-14 16:44:18.112 | ERROR | Thread-11  | A.ElasticBulkCreator:69    | [[-45, 38, -99, -101, 111, -66, -123, -18, 125, 74, -65, 36, -82, 90, -70, -125]]: version conflict, document already exists (current version [1])
2023-06-14 16:44:18.112 | ERROR | Thread-11  | A.ElasticBulkCreator:69    | [[75, 73, 7, 30, -78, -114, -7, 74, 126, 125, 90, -33, -98, 2, -10, 119]]: version conflict, document already exists (current version [1])
2023-06-14 16:44:18.112 | ERROR | Thread-11  | A.ElasticBulkCreator:69    | [[-10, -28, -16, -34, 34, -124, 81, 53, 71, 25, -4, -3, 26, -50, -104, -27]]: version conflict, document already exists (current version [1])
2023-06-14 16:44:18.112 | ERROR | Thread-11  | A.ElasticBulkCreator:69    | [[-35, 112, 0, 80, 91, 90, 25, 1, 5, -23, 87, -23, -20, -55, 70, -91]]: version conflict, document already exists (current version [1])
2023-06-14 16:44:18.123 | ERROR | -thread-16 | .ISaDA.NewsProcessor:36    | -> Статья добавлена в очередь на обработку!
2023-06-14 16:44:18.146 | ERROR | -thread-17 | .ISaDA.NewsProcessor:40    | Unexpected character (В) at position 478.
2023-06-14 16:44:18.169 | ERROR | -thread-18 | .ISaDA.NewsProcessor:36    | -> Статья добавлена в очередь на обработку!
2023-06-14 16:44:18.195 | ERROR | 2-thread-4 | .ISaDA.NewsProcessor:36    | -> Статья добавлена в очередь на обработку!
2023-06-14 16:44:18.216 | ERROR | 2-thread-6 | .ISaDA.NewsProcessor:36    | -> Статья добавлена в очередь на обработку!
2023-06-14 16:44:18.237 | ERROR | 2-thread-7 | .ISaDA.NewsProcessor:36    | -> Статья добавлена в очередь на обработку!
2023-06-14 16:44:18.257 | ERROR | 2-thread-8 | .ISaDA.NewsProcessor:36    | -> Статья добавлена в очередь на обработку!
2023-06-14 17:01:35.297 | ERROR | -thread-13 | .ISaDA.NewsProcessor:40    | Unexpected character (Л) at position 716.
2023-06-14 17:01:35.951 | ERROR | 2-thread-7 | .ISaDA.NewsProcessor:40    | Unexpected character (г) at position 432.
2023-06-14 17:01:36.113 | ERROR | Thread-0   | A.ElasticBulkCreator:66    | Ошибка во время индексации статей!
2023-06-14 17:01:36.113 | ERROR | Thread-0   | A.ElasticBulkCreator:69    | [MD5 Message Digest from SUN, <in progress>
]: version conflict, document already exists (current version [1])
2023-06-14 17:01:36.115 | ERROR | Thread-0   | A.ElasticBulkCreator:69    | [MD5 Message Digest from SUN, <in progress>
]: version conflict, document already exists (current version [1])
2023-06-14 17:01:36.116 | ERROR | Thread-0   | A.ElasticBulkCreator:69    | [MD5 Message Digest from SUN, <in progress>
]: version conflict, document already exists (current version [1])
2023-06-14 17:01:36.116 | ERROR | Thread-0   | A.ElasticBulkCreator:69    | [MD5 Message Digest from SUN, <in progress>
]: version conflict, document already exists (current version [1])
2023-06-14 17:01:36.116 | ERROR | Thread-0   | A.ElasticBulkCreator:69    | [MD5 Message Digest from SUN, <in progress>
]: version conflict, document already exists (current version [1])
2023-06-14 17:01:36.116 | ERROR | Thread-0   | A.ElasticBulkCreator:69    | [MD5 Message Digest from SUN, <in progress>
]: version conflict, document already exists (current version [1])
2023-06-14 17:01:36.116 | ERROR | Thread-0   | A.ElasticBulkCreator:69    | [MD5 Message Digest from SUN, <in progress>
]: version conflict, document already exists (current version [1])
2023-06-14 17:01:36.117 | ERROR | Thread-0   | A.ElasticBulkCreator:69    | [MD5 Message Digest from SUN, <in progress>
]: version conflict, document already exists (current version [1])
2023-06-14 17:01:36.117 | ERROR | Thread-0   | A.ElasticBulkCreator:69    | [MD5 Message Digest from SUN, <in progress>
]: version conflict, document already exists (current version [1])
2023-06-14 17:01:36.637 | ERROR | Thread-1   | A.ElasticBulkCreator:66    | Ошибка во время индексации статей!
2023-06-14 17:01:36.637 | ERROR | Thread-1   | A.ElasticBulkCreator:69    | [MD5 Message Digest from SUN, <in progress>
]: version conflict, document already exists (current version [1])
2023-06-14 17:01:36.637 | ERROR | Thread-1   | A.ElasticBulkCreator:69    | [MD5 Message Digest from SUN, <in progress>
]: version conflict, document already exists (current version [1])
2023-06-14 17:01:36.637 | ERROR | Thread-1   | A.ElasticBulkCreator:69    | [MD5 Message Digest from SUN, <in progress>
]: version conflict, document already exists (current version [1])
2023-06-14 17:01:36.637 | ERROR | Thread-1   | A.ElasticBulkCreator:69    | [MD5 Message Digest from SUN, <in progress>
]: version conflict, document already exists (current version [1])
2023-06-14 17:01:36.638 | ERROR | Thread-1   | A.ElasticBulkCreator:69    | [MD5 Message Digest from SUN, <in progress>
]: version conflict, document already exists (current version [1])
2023-06-14 17:01:36.638 | ERROR | Thread-1   | A.ElasticBulkCreator:69    | [MD5 Message Digest from SUN, <in progress>
]: version conflict, document already exists (current version [1])
2023-06-14 17:01:36.638 | ERROR | Thread-1   | A.ElasticBulkCreator:69    | [MD5 Message Digest from SUN, <in progress>
]: version conflict, document already exists (current version [1])
2023-06-14 17:01:36.638 | ERROR | Thread-1   | A.ElasticBulkCreator:69    | [MD5 Message Digest from SUN, <in progress>
]: version conflict, document already exists (current version [1])
2023-06-14 17:01:36.638 | ERROR | Thread-1   | A.ElasticBulkCreator:69    | [MD5 Message Digest from SUN, <in progress>
]: version conflict, document already exists (current version [1])
2023-06-14 17:01:36.638 | ERROR | Thread-1   | A.ElasticBulkCreator:69    | [MD5 Message Digest from SUN, <in progress>
]: version conflict, document already exists (current version [1])
2023-06-14 17:01:36.883 | ERROR | -thread-10 | .ISaDA.NewsProcessor:40    | Unexpected character (П) at position 686.
2023-06-14 17:01:37.260 | ERROR | -thread-13 | .ISaDA.NewsProcessor:40    | Unexpected character (Л) at position 715.
2023-06-14 17:01:37.437 | ERROR | -thread-16 | .ISaDA.NewsProcessor:40    | Unexpected character (Н) at position 760.
2023-06-14 17:01:37.491 | ERROR | Thread-2   | A.ElasticBulkCreator:66    | Ошибка во время индексации статей!
2023-06-14 17:01:37.491 | ERROR | Thread-2   | A.ElasticBulkCreator:69    | [MD5 Message Digest from SUN, <in progress>
]: version conflict, document already exists (current version [1])
2023-06-14 17:01:37.492 | ERROR | Thread-2   | A.ElasticBulkCreator:69    | [MD5 Message Digest from SUN, <in progress>
]: version conflict, document already exists (current version [1])
2023-06-14 17:01:37.492 | ERROR | Thread-2   | A.ElasticBulkCreator:69    | [MD5 Message Digest from SUN, <in progress>
]: version conflict, document already exists (current version [1])
2023-06-14 17:01:37.492 | ERROR | Thread-2   | A.ElasticBulkCreator:69    | [MD5 Message Digest from SUN, <in progress>
]: version conflict, document already exists (current version [1])
2023-06-14 17:01:37.492 | ERROR | Thread-2   | A.ElasticBulkCreator:69    | [MD5 Message Digest from SUN, <in progress>
]: version conflict, document already exists (current version [1])
2023-06-14 17:01:37.492 | ERROR | Thread-2   | A.ElasticBulkCreator:69    | [MD5 Message Digest from SUN, <in progress>
]: version conflict, document already exists (current version [1])
2023-06-14 17:01:37.492 | ERROR | Thread-2   | A.ElasticBulkCreator:69    | [MD5 Message Digest from SUN, <in progress>
]: version conflict, document already exists (current version [1])
2023-06-14 17:01:37.492 | ERROR | Thread-2   | A.ElasticBulkCreator:69    | [MD5 Message Digest from SUN, <in progress>
]: version conflict, document already exists (current version [1])
2023-06-14 17:01:37.492 | ERROR | Thread-2   | A.ElasticBulkCreator:69    | [MD5 Message Digest from SUN, <in progress>
]: version conflict, document already exists (current version [1])
2023-06-14 17:01:37.492 | ERROR | Thread-2   | A.ElasticBulkCreator:69    | [MD5 Message Digest from SUN, <in progress>
]: version conflict, document already exists (current version [1])
2023-06-14 17:01:37.935 | ERROR | -thread-11 | .ISaDA.NewsProcessor:40    | Unexpected character (С) at position 1203.
2023-06-14 17:01:37.981 | ERROR | 2-thread-9 | .ISaDA.NewsProcessor:40    | Unexpected character (п) at position 699.
2023-06-14 17:01:38.214 | ERROR | Thread-3   | A.ElasticBulkCreator:66    | Ошибка во время индексации статей!
2023-06-14 17:01:38.214 | ERROR | Thread-3   | A.ElasticBulkCreator:69    | [MD5 Message Digest from SUN, <in progress>
]: version conflict, document already exists (current version [1])
2023-06-14 17:01:38.214 | ERROR | Thread-3   | A.ElasticBulkCreator:69    | [MD5 Message Digest from SUN, <in progress>
]: version conflict, document already exists (current version [1])
2023-06-14 17:01:38.214 | ERROR | Thread-3   | A.ElasticBulkCreator:69    | [MD5 Message Digest from SUN, <in progress>
]: version conflict, document already exists (current version [1])
2023-06-14 17:01:38.214 | ERROR | Thread-3   | A.ElasticBulkCreator:69    | [MD5 Message Digest from SUN, <in progress>
]: version conflict, document already exists (current version [1])
2023-06-14 17:01:38.214 | ERROR | Thread-3   | A.ElasticBulkCreator:69    | [MD5 Message Digest from SUN, <in progress>
]: version conflict, document already exists (current version [1])
2023-06-14 17:01:38.214 | ERROR | Thread-3   | A.ElasticBulkCreator:69    | [MD5 Message Digest from SUN, <in progress>
]: version conflict, document already exists (current version [1])
2023-06-14 17:01:38.214 | ERROR | Thread-3   | A.ElasticBulkCreator:69    | [MD5 Message Digest from SUN, <in progress>
]: version conflict, document already exists (current version [1])
2023-06-14 17:01:38.215 | ERROR | Thread-3   | A.ElasticBulkCreator:69    | [MD5 Message Digest from SUN, <in progress>
]: version conflict, document already exists (current version [1])
2023-06-14 17:01:38.215 | ERROR | Thread-3   | A.ElasticBulkCreator:69    | [MD5 Message Digest from SUN, <in progress>
]: version conflict, document already exists (current version [1])
2023-06-14 17:01:38.215 | ERROR | Thread-3   | A.ElasticBulkCreator:69    | [MD5 Message Digest from SUN, <in progress>
]: version conflict, document already exists (current version [1])
2023-06-14 17:01:38.717 | ERROR | Thread-4   | A.ElasticBulkCreator:66    | Ошибка во время индексации статей!
2023-06-14 17:01:38.717 | ERROR | Thread-4   | A.ElasticBulkCreator:69    | [MD5 Message Digest from SUN, <in progress>
]: version conflict, document already exists (current version [1])
2023-06-14 17:01:38.717 | ERROR | Thread-4   | A.ElasticBulkCreator:69    | [MD5 Message Digest from SUN, <in progress>
]: version conflict, document already exists (current version [1])
2023-06-14 17:01:38.717 | ERROR | Thread-4   | A.ElasticBulkCreator:69    | [MD5 Message Digest from SUN, <in progress>
]: version conflict, document already exists (current version [1])
2023-06-14 17:01:38.717 | ERROR | Thread-4   | A.ElasticBulkCreator:69    | [MD5 Message Digest from SUN, <in progress>
]: version conflict, document already exists (current version [1])
2023-06-14 17:01:38.718 | ERROR | Thread-4   | A.ElasticBulkCreator:69    | [MD5 Message Digest from SUN, <in progress>
]: version conflict, document already exists (current version [1])
2023-06-14 17:01:38.718 | ERROR | Thread-4   | A.ElasticBulkCreator:69    | [MD5 Message Digest from SUN, <in progress>
]: version conflict, document already exists (current version [1])
2023-06-14 17:01:38.718 | ERROR | Thread-4   | A.ElasticBulkCreator:69    | [MD5 Message Digest from SUN, <in progress>
]: version conflict, document already exists (current version [1])
2023-06-14 17:01:38.718 | ERROR | Thread-4   | A.ElasticBulkCreator:69    | [MD5 Message Digest from SUN, <in progress>
]: version conflict, document already exists (current version [1])
2023-06-14 17:01:38.718 | ERROR | Thread-4   | A.ElasticBulkCreator:69    | [MD5 Message Digest from SUN, <in progress>
]: version conflict, document already exists (current version [1])
2023-06-14 17:01:38.718 | ERROR | Thread-4   | A.ElasticBulkCreator:69    | [MD5 Message Digest from SUN, <in progress>
]: version conflict, document already exists (current version [1])
2023-06-14 17:01:38.801 | ERROR | -thread-16 | .ISaDA.NewsProcessor:40    | Unexpected character (Г) at position 590.
2023-06-14 17:01:39.227 | ERROR | 2-thread-6 | .ISaDA.NewsProcessor:40    | Unexpected character (Ш) at position 521.
2023-06-14 17:01:39.321 | ERROR | Thread-5   | A.ElasticBulkCreator:66    | Ошибка во время индексации статей!
2023-06-14 17:01:39.321 | ERROR | Thread-5   | A.ElasticBulkCreator:69    | [MD5 Message Digest from SUN, <in progress>
]: version conflict, document already exists (current version [1])
2023-06-14 17:01:39.321 | ERROR | Thread-5   | A.ElasticBulkCreator:69    | [MD5 Message Digest from SUN, <in progress>
]: version conflict, document already exists (current version [1])
2023-06-14 17:01:39.321 | ERROR | Thread-5   | A.ElasticBulkCreator:69    | [MD5 Message Digest from SUN, <in progress>
]: version conflict, document already exists (current version [1])
2023-06-14 17:01:39.321 | ERROR | Thread-5   | A.ElasticBulkCreator:69    | [MD5 Message Digest from SUN, <in progress>
]: version conflict, document already exists (current version [1])
2023-06-14 17:01:39.321 | ERROR | Thread-5   | A.ElasticBulkCreator:69    | [MD5 Message Digest from SUN, <in progress>
]: version conflict, document already exists (current version [1])
2023-06-14 17:01:39.321 | ERROR | Thread-5   | A.ElasticBulkCreator:69    | [MD5 Message Digest from SUN, <in progress>
]: version conflict, document already exists (current version [1])
2023-06-14 17:01:39.321 | ERROR | Thread-5   | A.ElasticBulkCreator:69    | [MD5 Message Digest from SUN, <in progress>
]: version conflict, document already exists (current version [1])
2023-06-14 17:01:39.321 | ERROR | Thread-5   | A.ElasticBulkCreator:69    | [MD5 Message Digest from SUN, <in progress>
]: version conflict, document already exists (current version [1])
2023-06-14 17:01:39.321 | ERROR | Thread-5   | A.ElasticBulkCreator:69    | [MD5 Message Digest from SUN, <in progress>
]: version conflict, document already exists (current version [1])
2023-06-14 17:01:39.321 | ERROR | Thread-5   | A.ElasticBulkCreator:69    | [MD5 Message Digest from SUN, <in progress>
]: version conflict, document already exists (current version [1])
2023-06-14 17:01:39.378 | ERROR | -thread-13 | .ISaDA.NewsProcessor:40    | Unexpected character (М) at position 379.
2023-06-14 17:07:51.328 | ERROR | -thread-15 | .ISaDA.NewsProcessor:40    | Unexpected character (Л) at position 720.
2023-06-14 17:07:51.543 | ERROR | 2-thread-9 | .ISaDA.NewsProcessor:40    | Unexpected character (г) at position 432.
2023-06-14 17:07:52.229 | ERROR | -thread-12 | .ISaDA.NewsProcessor:40    | Unexpected character (П) at position 686.
2023-06-14 17:07:52.305 | ERROR | -thread-15 | .ISaDA.NewsProcessor:40    | Unexpected character (Л) at position 715.
2023-06-14 17:07:52.684 | ERROR | 2-thread-3 | .ISaDA.NewsProcessor:40    | Unexpected character (Н) at position 760.
2023-06-14 17:07:53.501 | ERROR | 2-thread-8 | .ISaDA.NewsProcessor:40    | Unexpected character (С) at position 1203.
2023-06-14 17:07:53.548 | ERROR | -thread-15 | .ISaDA.NewsProcessor:40    | Unexpected character (п) at position 699.
2023-06-14 17:07:54.370 | ERROR | 2-thread-3 | .ISaDA.NewsProcessor:40    | Unexpected character (Г) at position 590.
2023-06-14 17:07:54.770 | ERROR | -thread-10 | .ISaDA.NewsProcessor:40    | Unexpected character (Ш) at position 521.
2023-06-14 17:08:52.598 | ERROR | -thread-16 | .ISaDA.NewsProcessor:40    | Ошибка при парсинге статьи!
2023-06-14 17:08:52.598 | ERROR | -thread-16 | .ISaDA.NewsProcessor:41    | Unexpected character (Л) at position 720.
2023-06-14 17:08:52.825 | ERROR | Thread-0   | A.ElasticBulkCreator:66    | Ошибка во время индексации статей!
2023-06-14 17:08:52.825 | ERROR | Thread-0   | A.ElasticBulkCreator:69    | [E93513ED0115A3A3AC5CE061DC2EA5AA]: version conflict, document already exists (current version [1])
2023-06-14 17:08:52.826 | ERROR | Thread-0   | A.ElasticBulkCreator:69    | [F0882DBEB7D16867ABA7C3BFC673ECCC]: version conflict, document already exists (current version [1])
2023-06-14 17:08:52.826 | ERROR | Thread-0   | A.ElasticBulkCreator:69    | [4F1987C415FBA9E92D6E6D535BBF1E2E]: version conflict, document already exists (current version [1])
2023-06-14 17:08:52.826 | ERROR | Thread-0   | A.ElasticBulkCreator:69    | [8A0092C9126F436B77C731E88064027F]: version conflict, document already exists (current version [1])
2023-06-14 17:08:52.826 | ERROR | Thread-0   | A.ElasticBulkCreator:69    | [0D996EE370AD40D8620C3C3CE33E73DB]: version conflict, document already exists (current version [1])
2023-06-14 17:08:52.826 | ERROR | Thread-0   | A.ElasticBulkCreator:69    | [4C51597F71A98F0E2D36248634882FD9]: version conflict, document already exists (current version [1])
2023-06-14 17:08:52.826 | ERROR | Thread-0   | A.ElasticBulkCreator:69    | [BECA4272F6A0284E396C0280C62B259E]: version conflict, document already exists (current version [1])
2023-06-14 17:08:52.826 | ERROR | Thread-0   | A.ElasticBulkCreator:69    | [82F76FC5D3EFA35BC9858BC71525E5D6]: version conflict, document already exists (current version [1])
2023-06-14 17:08:52.826 | ERROR | Thread-0   | A.ElasticBulkCreator:69    | [6768C5A89B21EE685198382CEB2E4EBA]: version conflict, document already exists (current version [1])
2023-06-14 17:08:52.827 | ERROR | Thread-0   | A.ElasticBulkCreator:69    | [DCA9827CE76530FD9277155E9D7EB502]: version conflict, document already exists (current version [1])
2023-06-14 17:08:53.138 | ERROR | 2-thread-9 | .ISaDA.NewsProcessor:40    | Ошибка при парсинге статьи!
2023-06-14 17:08:53.138 | ERROR | 2-thread-9 | .ISaDA.NewsProcessor:41    | Unexpected character (г) at position 432.
2023-06-14 17:08:53.683 | ERROR | Thread-1   | A.ElasticBulkCreator:66    | Ошибка во время индексации статей!
2023-06-14 17:08:53.683 | ERROR | Thread-1   | A.ElasticBulkCreator:69    | [B03B27A64264466C12F00946B5D297C8]: version conflict, document already exists (current version [1])
2023-06-14 17:08:53.683 | ERROR | Thread-1   | A.ElasticBulkCreator:69    | [C48ACD9E9A276B5A27E090422A31EBB2]: version conflict, document already exists (current version [1])
2023-06-14 17:08:53.683 | ERROR | Thread-1   | A.ElasticBulkCreator:69    | [AA43B6A208AA220A944B6B83CF0EE9A1]: version conflict, document already exists (current version [1])
2023-06-14 17:08:53.683 | ERROR | Thread-1   | A.ElasticBulkCreator:69    | [C3ADDFC0956B81344122C3749CFF0D3D]: version conflict, document already exists (current version [1])
2023-06-14 17:08:53.683 | ERROR | Thread-1   | A.ElasticBulkCreator:69    | [1800C21435C7392F3D0721B188058EE0]: version conflict, document already exists (current version [1])
2023-06-14 17:08:53.683 | ERROR | Thread-1   | A.ElasticBulkCreator:69    | [4E3B3969BAB65E2276394D0B57EC6F32]: version conflict, document already exists (current version [1])
2023-06-14 17:08:53.683 | ERROR | Thread-1   | A.ElasticBulkCreator:69    | [7C79EB9E9403F10AD047DEECC5AF4B8A]: version conflict, document already exists (current version [1])
2023-06-14 17:08:53.684 | ERROR | Thread-1   | A.ElasticBulkCreator:69    | [A586B3C38F5AC9520E8CB8FF692387E6]: version conflict, document already exists (current version [1])
2023-06-14 17:08:53.684 | ERROR | Thread-1   | A.ElasticBulkCreator:69    | [040B3BB592412C63FE8F251F7D9D86D1]: version conflict, document already exists (current version [1])
2023-06-14 17:08:53.684 | ERROR | Thread-1   | A.ElasticBulkCreator:69    | [45D7972127C1ED44FB11ED3EC4F2B5CE]: version conflict, document already exists (current version [1])
2023-06-14 17:08:54.000 | ERROR | -thread-12 | .ISaDA.NewsProcessor:40    | Ошибка при парсинге статьи!
2023-06-14 17:08:54.000 | ERROR | -thread-12 | .ISaDA.NewsProcessor:41    | Unexpected character (П) at position 686.
2023-06-14 17:08:54.068 | ERROR | -thread-15 | .ISaDA.NewsProcessor:40    | Ошибка при парсинге статьи!
2023-06-14 17:08:54.068 | ERROR | -thread-15 | .ISaDA.NewsProcessor:41    | Unexpected character (Л) at position 715.
2023-06-14 17:08:54.127 | ERROR | Thread-2   | A.ElasticBulkCreator:66    | Ошибка во время индексации статей!
2023-06-14 17:08:54.127 | ERROR | Thread-2   | A.ElasticBulkCreator:69    | [2B6CEA996180FBC09BE101E5C7A0C8C5]: version conflict, document already exists (current version [1])
2023-06-14 17:08:54.127 | ERROR | Thread-2   | A.ElasticBulkCreator:69    | [1E492342F8B47592BA07F621FE78E549]: version conflict, document already exists (current version [1])
2023-06-14 17:08:54.128 | ERROR | Thread-2   | A.ElasticBulkCreator:69    | [C3A9D2151B543A32A66839E0FF4FDDCB]: version conflict, document already exists (current version [1])
2023-06-14 17:08:54.128 | ERROR | Thread-2   | A.ElasticBulkCreator:69    | [B7344D2937F40F3D4EAF36E7F0DCB540]: version conflict, document already exists (current version [1])
2023-06-14 17:08:54.128 | ERROR | Thread-2   | A.ElasticBulkCreator:69    | [5C8596F284B4303C2DABE01C6E798FD9]: version conflict, document already exists (current version [1])
2023-06-14 17:08:54.128 | ERROR | Thread-2   | A.ElasticBulkCreator:69    | [10C6DF354B77448AE51CDE55C2BA53CF]: version conflict, document already exists (current version [1])
2023-06-14 17:08:54.128 | ERROR | Thread-2   | A.ElasticBulkCreator:69    | [923A98B1B722335ECFE36358944D5A8B]: version conflict, document already exists (current version [1])
2023-06-14 17:08:54.128 | ERROR | Thread-2   | A.ElasticBulkCreator:69    | [CE73A471269F92F962502640C285B81F]: version conflict, document already exists (current version [1])
2023-06-14 17:08:54.128 | ERROR | Thread-2   | A.ElasticBulkCreator:69    | [79962DD5C4D50E47FEB5100772D9867A]: version conflict, document already exists (current version [1])
2023-06-14 17:08:54.129 | ERROR | Thread-2   | A.ElasticBulkCreator:69    | [BA3D0F9448FCC3F8705A3C575A3DFB83]: version conflict, document already exists (current version [1])
2023-06-14 17:08:54.136 | ERROR | 2-thread-3 | .ISaDA.NewsProcessor:40    | Ошибка при парсинге статьи!
2023-06-14 17:08:54.137 | ERROR | 2-thread-3 | .ISaDA.NewsProcessor:41    | Unexpected character (Н) at position 760.
2023-06-14 17:08:54.827 | ERROR | -thread-13 | .ISaDA.NewsProcessor:40    | Ошибка при парсинге статьи!
2023-06-14 17:08:54.828 | ERROR | -thread-13 | .ISaDA.NewsProcessor:41    | Unexpected character (С) at position 1203.
2023-06-14 17:08:54.870 | ERROR | -thread-15 | .ISaDA.NewsProcessor:40    | Ошибка при парсинге статьи!
2023-06-14 17:08:54.871 | ERROR | -thread-15 | .ISaDA.NewsProcessor:41    | Unexpected character (п) at position 699.
2023-06-14 17:08:54.931 | ERROR | Thread-3   | A.ElasticBulkCreator:66    | Ошибка во время индексации статей!
2023-06-14 17:08:54.931 | ERROR | Thread-3   | A.ElasticBulkCreator:69    | [B5A7B117F130C193F87C43E851E23BCE]: version conflict, document already exists (current version [1])
2023-06-14 17:08:54.931 | ERROR | Thread-3   | A.ElasticBulkCreator:69    | [FF6B617AEBC404946CC83D924B2540C1]: version conflict, document already exists (current version [1])
2023-06-14 17:08:54.931 | ERROR | Thread-3   | A.ElasticBulkCreator:69    | [71BDF8885599D94D3716911FE9F78CEF]: version conflict, document already exists (current version [1])
2023-06-14 17:08:54.931 | ERROR | Thread-3   | A.ElasticBulkCreator:69    | [6073AE97E2D753D3E031481DED906ABD]: version conflict, document already exists (current version [1])
2023-06-14 17:08:54.931 | ERROR | Thread-3   | A.ElasticBulkCreator:69    | [2E88B45148C455C4906674C32DA28217]: version conflict, document already exists (current version [1])
2023-06-14 17:08:54.931 | ERROR | Thread-3   | A.ElasticBulkCreator:69    | [E77795DCF6C1B36BD7848197E66820C7]: version conflict, document already exists (current version [1])
2023-06-14 17:08:54.931 | ERROR | Thread-3   | A.ElasticBulkCreator:69    | [BDC0FD90436C0CFF0219E2E15DBE6F5B]: version conflict, document already exists (current version [1])
2023-06-14 17:08:54.932 | ERROR | Thread-3   | A.ElasticBulkCreator:69    | [838ECC89F1BCF61C386A468817B7B69B]: version conflict, document already exists (current version [1])
2023-06-14 17:08:54.932 | ERROR | Thread-3   | A.ElasticBulkCreator:69    | [5834FB12F5CE7DE5695FCE3A01E33028]: version conflict, document already exists (current version [1])
2023-06-14 17:08:54.932 | ERROR | Thread-3   | A.ElasticBulkCreator:69    | [38E3CCF34F512FD6B47671EEBC6215E9]: version conflict, document already exists (current version [1])
2023-06-14 17:08:55.608 | ERROR | Thread-4   | A.ElasticBulkCreator:66    | Ошибка во время индексации статей!
2023-06-14 17:08:55.608 | ERROR | Thread-4   | A.ElasticBulkCreator:69    | [827AA0342CEA618914EA5AE1B2201AFA]: version conflict, document already exists (current version [1])
2023-06-14 17:08:55.608 | ERROR | Thread-4   | A.ElasticBulkCreator:69    | [1B9FEA9022D274C28A037DF5A4CDB776]: version conflict, document already exists (current version [1])
2023-06-14 17:08:55.608 | ERROR | Thread-4   | A.ElasticBulkCreator:69    | [061B9C669A6A48E213BF5D6301551FCA]: version conflict, document already exists (current version [1])
2023-06-14 17:08:55.608 | ERROR | Thread-4   | A.ElasticBulkCreator:69    | [A5A1383453B27F1BFDDD19AFABBEF61E]: version conflict, document already exists (current version [1])
2023-06-14 17:08:55.609 | ERROR | Thread-4   | A.ElasticBulkCreator:69    | [61DF027E3A2854C5F92EE6F7D2CD7DFF]: version conflict, document already exists (current version [1])
2023-06-14 17:08:55.609 | ERROR | Thread-4   | A.ElasticBulkCreator:69    | [1C8A6D165D06C69AF6D2DD4B960ABDA4]: version conflict, document already exists (current version [1])
2023-06-14 17:08:55.609 | ERROR | Thread-4   | A.ElasticBulkCreator:69    | [FEC3B60B913D21438D6C4256212A11F8]: version conflict, document already exists (current version [1])
2023-06-14 17:08:55.609 | ERROR | Thread-4   | A.ElasticBulkCreator:69    | [CA7A4581E46ACE6ED9FA928810A46D8F]: version conflict, document already exists (current version [1])
2023-06-14 17:08:55.609 | ERROR | Thread-4   | A.ElasticBulkCreator:69    | [41E8CE8D6194AE3FB30549B90CD5031C]: version conflict, document already exists (current version [1])
2023-06-14 17:08:55.609 | ERROR | Thread-4   | A.ElasticBulkCreator:69    | [A9D06425AFDE070E6C77033EF54A2E0E]: version conflict, document already exists (current version [1])
2023-06-14 17:08:55.747 | ERROR | 2-thread-3 | .ISaDA.NewsProcessor:40    | Ошибка при парсинге статьи!
2023-06-14 17:08:55.747 | ERROR | 2-thread-3 | .ISaDA.NewsProcessor:41    | Unexpected character (Г) at position 590.
2023-06-14 17:08:56.033 | ERROR | 2-thread-8 | .ISaDA.NewsProcessor:40    | Ошибка при парсинге статьи!
2023-06-14 17:08:56.033 | ERROR | 2-thread-8 | .ISaDA.NewsProcessor:41    | Unexpected character (Ш) at position 521.
2023-06-14 17:08:56.231 | ERROR | Thread-5   | A.ElasticBulkCreator:66    | Ошибка во время индексации статей!
2023-06-14 17:08:56.232 | ERROR | Thread-5   | A.ElasticBulkCreator:69    | [FF90690004BD316272A58F17F887EC7A]: version conflict, document already exists (current version [1])
2023-06-14 17:08:56.232 | ERROR | Thread-5   | A.ElasticBulkCreator:69    | [A5E6CC327CF44183FF14039B1CF9BEB5]: version conflict, document already exists (current version [1])
2023-06-14 17:08:56.232 | ERROR | Thread-5   | A.ElasticBulkCreator:69    | [9706850C057CF6D914E11D19F5125BFB]: version conflict, document already exists (current version [1])
2023-06-14 17:08:56.232 | ERROR | Thread-5   | A.ElasticBulkCreator:69    | [E8ABFCF1840504CFDD0DBABF80459034]: version conflict, document already exists (current version [1])
2023-06-14 17:08:56.232 | ERROR | Thread-5   | A.ElasticBulkCreator:69    | [F7285DB43041D9CDD0CF4B9561B298C8]: version conflict, document already exists (current version [1])
2023-06-14 17:08:56.232 | ERROR | Thread-5   | A.ElasticBulkCreator:69    | [7B41F09149B6F0477F44FF0A8D7E9915]: version conflict, document already exists (current version [1])
2023-06-14 17:08:56.232 | ERROR | Thread-5   | A.ElasticBulkCreator:69    | [7A20500CF4CCAFA69497F40D3296F012]: version conflict, document already exists (current version [1])
2023-06-14 17:08:56.232 | ERROR | Thread-5   | A.ElasticBulkCreator:69    | [C01A6B3A9DA1C85E9C4D6FDDF44C21CA]: version conflict, document already exists (current version [1])
2023-06-14 17:08:56.232 | ERROR | Thread-5   | A.ElasticBulkCreator:69    | [1D29C9BE5317156F8762B91D665A39C8]: version conflict, document already exists (current version [1])
2023-06-14 17:08:56.232 | ERROR | Thread-5   | A.ElasticBulkCreator:69    | [790C6720B59823316FAFD1306C4276E6]: version conflict, document already exists (current version [1])
2023-06-14 17:17:19.752 | ERROR | -thread-15 | .ISaDA.NewsProcessor:40    | Ошибка при парсинге статьи!
2023-06-14 17:17:19.754 | ERROR | -thread-15 | .ISaDA.NewsProcessor:41    | Unexpected character (п) at position 582.
2023-06-14 17:17:20.062 | ERROR | 2-thread-7 | .ISaDA.NewsProcessor:40    | Ошибка при парсинге статьи!
2023-06-14 17:17:20.063 | ERROR | 2-thread-7 | .ISaDA.NewsProcessor:41    | Unexpected character (Л) at position 720.
2023-06-14 17:17:20.273 | ERROR | -thread-18 | .ISaDA.NewsProcessor:40    | Ошибка при парсинге статьи!
2023-06-14 17:17:20.274 | ERROR | -thread-18 | .ISaDA.NewsProcessor:41    | Unexpected character (г) at position 432.
2023-06-14 17:17:21.103 | ERROR | 2-thread-6 | .ISaDA.NewsProcessor:40    | Ошибка при парсинге статьи!
2023-06-14 17:17:21.104 | ERROR | 2-thread-6 | .ISaDA.NewsProcessor:41    | Unexpected character (П) at position 686.
2023-06-14 17:17:21.168 | ERROR | -thread-10 | .ISaDA.NewsProcessor:40    | Ошибка при парсинге статьи!
2023-06-14 17:17:21.169 | ERROR | -thread-10 | .ISaDA.NewsProcessor:41    | Unexpected character (Л) at position 715.
2023-06-14 17:17:21.405 | ERROR | -thread-13 | .ISaDA.NewsProcessor:40    | Ошибка при парсинге статьи!
2023-06-14 17:17:21.405 | ERROR | -thread-13 | .ISaDA.NewsProcessor:41    | Unexpected character (Н) at position 760.
2023-06-14 17:17:22.042 | ERROR | 2-thread-6 | .ISaDA.NewsProcessor:40    | Ошибка при парсинге статьи!
2023-06-14 17:17:22.042 | ERROR | 2-thread-6 | .ISaDA.NewsProcessor:41    | Unexpected character (С) at position 1203.
2023-06-14 17:17:22.397 | ERROR | -thread-10 | .ISaDA.NewsProcessor:40    | Ошибка при парсинге статьи!
2023-06-14 17:17:22.397 | ERROR | -thread-10 | .ISaDA.NewsProcessor:41    | Unexpected character (п) at position 699.
2023-06-14 17:17:24.464 | ERROR | -thread-14 | .ISaDA.NewsProcessor:40    | Ошибка при парсинге статьи!
2023-06-14 17:17:24.464 | ERROR | -thread-14 | .ISaDA.NewsProcessor:41    | Unexpected character (Г) at position 590.
2023-06-14 17:18:27.266 | ERROR | -thread-17 | .ISaDA.NewsProcessor:40    | Ошибка при парсинге статьи!
2023-06-14 17:18:27.267 | ERROR | -thread-17 | .ISaDA.NewsProcessor:41    | Unexpected character (п) at position 582.
2023-06-14 17:18:27.268 | ERROR | -thread-17 | .ISaDA.NewsProcessor:42    | 
2023-06-14 17:18:27.268 | ERROR | -thread-17 | .ISaDA.NewsProcessor:43    | 
2023-06-14 17:18:27.268 | ERROR | -thread-17 | .ISaDA.NewsProcessor:44    | {"title": "В России оценили наличие предпосылок для завершения конфликта на Украине","date": "17:11, 14 июня 2023","text": "США заставят киевский режим пойти на переговоры с Россией, когда посчитают это необходимым, убежден первый зампред комитета Госдумы по международным делам Алексей Чепа. В беседе с «Лентой.ру» он оценил наличие предпосылок для завершения конфликта на Украине.

Парламентарий отметил, что сегодняшняя ситуация на Украине действительно создает предпосылки для возобновления переговоров.

«Несмотря на огромные поставки оружия на Украину, силы истощаются. И то "победоносное" контрнаступление, которое должно было, по мнению США, привести к более удобным условиям проведения переговоров, сорвалось», — заявил Чепа.

Также собеседник «Ленты.ру» отметил, что россияне хотят, чтобы после окончания специальной военной операции (СВО) гарантии безопасности, которых Россия добивалась от коллективного Запада в 2021 году, были достигнуты.

«Это и будет основной результат СВО», — заключил Чепа.

Ранее президент Белоруссии Александр Лукашенко заявил, что для завершения конфликта на Украине есть большие предпосылки.

Также белорусский лидер на фоне контрнаступления Вооруженных сил Украины сделал вывод о правильности пути Минска по модернизации оружия.

","author": "Варвара Кошечкина","url": "https://lenta.ru/news/2023/06/14/rus_ukr_usa/"}
2023-06-14 17:18:27.268 | ERROR | -thread-17 | .ISaDA.NewsProcessor:45    | 
2023-06-14 17:18:27.268 | ERROR | -thread-17 | .ISaDA.NewsProcessor:46    | 
2023-06-14 17:18:27.451 | ERROR | 2-thread-8 | .ISaDA.NewsProcessor:40    | Ошибка при парсинге статьи!
2023-06-14 17:18:27.451 | ERROR | 2-thread-8 | .ISaDA.NewsProcessor:41    | Unexpected character (Л) at position 720.
2023-06-14 17:18:27.451 | ERROR | 2-thread-8 | .ISaDA.NewsProcessor:42    | 
2023-06-14 17:18:27.452 | ERROR | 2-thread-8 | .ISaDA.NewsProcessor:43    | 
2023-06-14 17:18:27.452 | ERROR | 2-thread-8 | .ISaDA.NewsProcessor:44    | {"title": "В джазовом фестивале на Урале примут участие музыканты из семи стран","date": "16:50, 14 июня 2023","text": "В юбилейном, десятом, Международном джазовом фестивале EverJazz на Урале примут участие музыканты из семи стран. Об этом ТАСС сообщила генеральный директор мероприятия Ирина Щетникова.

Фестиваль пройдет 17 июля в Свердловской области. На него приедут порядка 20 артистов из Армении, Германии, Грузии, Иордании, Италии, Казахстана и России.

В общей сложности мероприятие посетят свыше 200 музыкантов и более чем 3,5 тысячи слушателей из разных регионов России.

«Хотелось бы отметить, что на сцене выступят лучшие коллективы Москвы, — заявила проектный менеджер фестиваля Анастасия Пушина. — Это и "Лютый бэнд" — Алексей Подымкин и Анастасия Лютова, и "Круглый Бэнд". Мы их очень долго ждали, много раз встречались на других площадках. И вот наконец они у нас».

Ранее стало известно, что в Калмыкии, где располагается самая большая территория российских пустынь, с 24 по 25 июня впервые состоится фестиваль барханов. В программе фестиваля соревнование технических видов спорта на внедорожниках, квадроциклах, мотоциклах и багги.

","author": "Фариза Бацазова","url": "https://lenta.ru/news/2023/06/14/festival/"}
2023-06-14 17:18:27.452 | ERROR | 2-thread-8 | .ISaDA.NewsProcessor:45    | 
2023-06-14 17:18:27.452 | ERROR | 2-thread-8 | .ISaDA.NewsProcessor:46    | 
2023-06-14 17:18:28.235 | ERROR | 2-thread-7 | .ISaDA.NewsProcessor:40    | Ошибка при парсинге статьи!
2023-06-14 17:18:28.235 | ERROR | 2-thread-7 | .ISaDA.NewsProcessor:41    | Unexpected character (г) at position 432.
2023-06-14 17:18:28.235 | ERROR | 2-thread-7 | .ISaDA.NewsProcessor:42    | 
2023-06-14 17:18:28.235 | ERROR | 2-thread-7 | .ISaDA.NewsProcessor:43    | 
2023-06-14 17:18:28.235 | ERROR | 2-thread-7 | .ISaDA.NewsProcessor:44    | {"title": "Венгрия предрекла нескорое окончание конфликта на Украине","date": "16:42, 14 июня 2023","text": "Венгрия предрекла, что конфликт на Украине не закончится в ближайшее время. О нескором завершении кризиса заявил глава венгерского МИД Петер Сийярто, передает РИА Новости.

«Военная помощь Украине, отсутствие каких-либо движений с обеих сторон для прекращения конфликта, обучение украинских солдат в европейских странах и "глубокое присутствие" США в войне показывают, что война не закончится в ближайшее время», — заключил дипломат.

Сийярто подчеркнул, что Киев не сможет воевать с Россией без масштабной помощи от США. Он заключил, что достижение мирного соглашения зависит от договоренностей между Москвой и Вашингтоном.

Ранее Сийярто заявил о надежде Будапешта на то, что экс-президент США Дональд Трамп в случае своего избрания в 2024 году сможет прекратить конфликт и обеспечить мир на Украине. По его мнению, если бы Трамп победил в 2020 году, то начала украинского конфликта можно было бы избежать.

","author": "Виктория Кондратьева","url": "https://lenta.ru/news/2023/06/14/hungary_opinion/"}
2023-06-14 17:18:28.236 | ERROR | 2-thread-7 | .ISaDA.NewsProcessor:45    | 
2023-06-14 17:18:28.236 | ERROR | 2-thread-7 | .ISaDA.NewsProcessor:46    | 
2023-06-14 17:18:28.810 | ERROR | -thread-11 | .ISaDA.NewsProcessor:40    | Ошибка при парсинге статьи!
2023-06-14 17:18:28.811 | ERROR | -thread-11 | .ISaDA.NewsProcessor:41    | Unexpected character (П) at position 686.
2023-06-14 17:18:28.811 | ERROR | -thread-11 | .ISaDA.NewsProcessor:42    | 
2023-06-14 17:18:28.811 | ERROR | -thread-11 | .ISaDA.NewsProcessor:43    | 
2023-06-14 17:18:28.811 | ERROR | -thread-11 | .ISaDA.NewsProcessor:44    | {"title": "Популярная пляжная страна Азии запустит прямые рейсы в Россию","date": "16:15, 14 июня 2023","text": "Мьянма запустит прямое авиасообщение с Россией уже в июле 2023 года. Об этом РИА Новости рассказал вице-премьер и министр внешнеэкономических связей популярной пляжной страны Азии Кан Зо на полях Петербургского международного экономического форума (ПМЭФ).

По словам главы ведомства, первый прямой рейс между государствами выполнит авиаперевозчик Myanmar Airways International. Полеты будут осуществляться раз в неделю из Янгона и Мандалая в Москву и Новосибирск.

Кан Зо отметил, что россиян очень ждут в Мьянме. «Скоро мы презентуем программу Russia Friendship Program ("Программа дружбы с Россией" — прим. "Ленты.ру"), — заявил он. — Ее представлением занимается наше министерство туризма. Эта программа будет включать в себя организацию туризма из России в Мьянму».

Более того, вице-премьер подчеркнул, что Мьянма надеется на принятие российскими властями решения об упразднении виз для мьянманцев в качестве ответного жеста. Для россиян они были отменены с 2022 года.

Ранее в июне власти Шри-Ланки захотели ввести бесплатные визы для туристов. Об этом заявил посол популярной курортной страны Азии в РФ Джанита Лиянаге. Дипломат добавила, что ланкийский министр туризма усердно занимается этим вопросом.

","author": "Фариза Бацазова","url": "https://lenta.ru/news/2023/06/14/myanmar/"}
2023-06-14 17:18:28.811 | ERROR | -thread-11 | .ISaDA.NewsProcessor:45    | 
2023-06-14 17:18:28.811 | ERROR | -thread-11 | .ISaDA.NewsProcessor:46    | 
2023-06-14 17:18:28.884 | ERROR | -thread-14 | .ISaDA.NewsProcessor:40    | Ошибка при парсинге статьи!
2023-06-14 17:18:28.885 | ERROR | -thread-14 | .ISaDA.NewsProcessor:41    | Unexpected character (Л) at position 715.
2023-06-14 17:18:28.885 | ERROR | -thread-14 | .ISaDA.NewsProcessor:42    | 
2023-06-14 17:18:28.885 | ERROR | -thread-14 | .ISaDA.NewsProcessor:43    | 
2023-06-14 17:18:28.885 | ERROR | -thread-14 | .ISaDA.NewsProcessor:44    | {"title": "Стас Пьеха пожаловался на условия нахождения в больнице","date": "16:14, 14 июня 2023","text": "Российский певец Стас Пьеха, госпитализированный из-за проблем с сердцем, пожаловался на условия нахождения в больнице. Об этом он сообщил в своем Instagram-аккаунте (соцсеть запрещена в РФ; принадлежит корпорации Meta, которая признана в России экстремистской и запрещена).

Исполнитель заявил, что в медицинском учреждении соблюдаются строгие правила, отметив, что к пациентам не пускают родственников.

«Гулять нельзя — карантин в городе. Принимать посетителей? — Даже не заикайтесь. Всех уволят, меня выгонят. Сидеть у окна не положено. А ведь сейчас бы на лавочке у входа пять минуток (посидеть — прим."Ленты.ру") во благо всем сосудам и сердечной мышце», — написал артист.

11 июня Пьеха был госпитализирован в Боткинскую больницу в Москве в тяжелом состоянии из-за проблем с сердцем. Он признался, что благодаря этой ситуации снова испугался за свою жизнь и ощутил ее ценность.

Позже артист поделился результатами сданных анализов.

","author": "Анастасия Астахова","url": "https://lenta.ru/news/2023/06/14/stas_zhaloba/"}
2023-06-14 17:18:28.885 | ERROR | -thread-14 | .ISaDA.NewsProcessor:45    | 
2023-06-14 17:18:28.885 | ERROR | -thread-14 | .ISaDA.NewsProcessor:46    | 
2023-06-14 17:18:28.954 | ERROR | -thread-17 | .ISaDA.NewsProcessor:40    | Ошибка при парсинге статьи!
2023-06-14 17:18:28.954 | ERROR | -thread-17 | .ISaDA.NewsProcessor:41    | Unexpected character (Н) at position 760.
2023-06-14 17:18:28.954 | ERROR | -thread-17 | .ISaDA.NewsProcessor:42    | 
2023-06-14 17:18:28.954 | ERROR | -thread-17 | .ISaDA.NewsProcessor:43    | 
2023-06-14 17:18:28.954 | ERROR | -thread-17 | .ISaDA.NewsProcessor:44    | {"title": "Хакеры обещают уничтожить банковскую систему Европы в ближайшие 48 часов. Они анонсируют сильнейшую кибератаку в истории","date": "16:09, 14 июня 2023","text": "Сразу несколько хакерских группировок планируют провести масштабную атаку на европейскую банковскую систему. Как стало известно «Ленте.ру», свои усилия для достижения этой цели объединили хактивисты Killnet, представители считавшейся разгромленной Revil, а также члены Anonymous Sudan.

В распоряжении издания оказался также снятый, но пока не опубликованный проморолик, приуроченный к этой атаке. В самом ролике неназванный представитель Killnet призвал все действующие группировки к деструктивной деятельности против европейской банковской системы.

«Это не DDoS-атака, игры окончены. "Нет денег — нет оружия — нет киевского режима" — это формула будет работать, — пообещал человек в маске».

Лидер Killnet, скрывающийся под ником Killmilk, подтвердил «Ленте.ру», что подготовка к атаке уже ведется. Ожидается, что она начнется в ближайшие 48 часов.

Представитель Revil, в свою очередь, констатировал, что «мир сошел с ума», и причиной этого, по его мнению, стали деньги. Он также заявил, что именно европейская банковская система управляет ЕС.

«Нет денег — нет проблем. Revil достаточно ознакомлен с европейской финансовой инфраструктурой», — пригрозил представитель группировки.

Член Anonymous Sudan также отметил, что европейские финансовые учреждения станут свидетелями «сильнейшей кибератаки в новейшей истории мира». Он призвал их быть готовыми к грядущему удару, а также заявил, что когда он будет нанесен, «будет слишком поздно что-либо исправлять».

«Многие европейские банки станут мишенью, и мы будем бить без пощады», — заключил представитель Anonymous Sudan.

Группировка Killnet стала известна вскоре после начала специальной военной операции на Украине. Ее представители взломали сайт группировки Anonymous, которая до этого объявила кибервойну России. Вскоре после этого они начали проводить атаки на сайты и системы западных госорганов и компаний. Затем они объявили официальную кибервойну странам Запада и в течение 2022 и 2023 годов провели несколько запоминающихся нападений, в том числе атаку на производителя HIMARS, на инфраструктуру НАТО, сервис Starlink, а также на портал ФБР.

Revil — одна из наиболее известных хакерских группировок мира. Их подозревают в осуществлении громких атак на объекты критической инфраструктуры США и ряд крупных глобальных компаний. В ряде случае хакеры требовали выкуп в размере до 50 миллионов долларов. В январе 2022 года ФСБ объявила о разгроме хакерской группировки по просьбе США. Однако в последующем в даркнете усомнились в том, что были задержаны именно входящие в высшее руководство объединения киберпреступники.

Anonymous Sudan — объединение, заявляющее о своей национальной принадлежности к Судану. Среди основных целей выделяется защита ислама от врагов. Приоритетное направление атак — крупные шведские корпорации, от которых хакеры нередко требовали выкуп.

","author": "Вениамин Лыков","url": "https://lenta.ru/news/2023/06/14/killnet/"}
2023-06-14 17:18:28.955 | ERROR | -thread-17 | .ISaDA.NewsProcessor:45    | 
2023-06-14 17:18:28.955 | ERROR | -thread-17 | .ISaDA.NewsProcessor:46    | 
2023-06-14 17:18:29.293 | ERROR | -thread-11 | .ISaDA.NewsProcessor:40    | Ошибка при парсинге статьи!
2023-06-14 17:18:29.293 | ERROR | -thread-11 | .ISaDA.NewsProcessor:41    | Unexpected character (С) at position 1203.
2023-06-14 17:18:29.293 | ERROR | -thread-11 | .ISaDA.NewsProcessor:42    | 
2023-06-14 17:18:29.293 | ERROR | -thread-11 | .ISaDA.NewsProcessor:43    | 
2023-06-14 17:18:29.293 | ERROR | -thread-11 | .ISaDA.NewsProcessor:44    | {"title": "Скрывавшегося вербовщика россиян в террористическую организацию задержали","date": "15:51, 14 июня 2023","text": "В Югре задержали активного участника запрещенной в России международной террористической организации «Партия исламского освобождения» («Хизб ут-Тахрир аль-Ислами») Э. Хусаинова. Об этом в среду, 14 июня, сообщает ТАСС со ссылкой на пресс-службу регионального управления ФСБ по Тюменской области.

Россиянин скрывался от наказания за вербовку одного из членов террористической ячейки.

Ранее Хусаинов был осужден на 6,5 года колонии общего режима за аналогичное преступление. В 2017 году апелляционным определением судебной коллегии по делам военнослужащих Верховного суда РФ его признали виновным по части 2 статье 205.5 («Участие в деятельности террористической организации») и статье 282 («Возбуждение ненависти, вражды и унижение человеческого достоинства») УК РФ. Следствие и суд установили, что мужчина под предлогом совместного изучения ислама вербовал и вовлекал в ряды террористической организации новых членов.

Ранее сообщалось, что в Белгородской области 17-летнего подростка задержали за попытку вступить в запрещенную в России террористическую организацию «Легион "Свобода России"».

","author": "Илона Палей","url": "https://lenta.ru/news/2023/06/14/verbovk/"}
2023-06-14 17:18:29.293 | ERROR | -thread-11 | .ISaDA.NewsProcessor:45    | 
2023-06-14 17:18:29.293 | ERROR | -thread-11 | .ISaDA.NewsProcessor:46    | 
2023-06-14 17:18:29.342 | ERROR | -thread-13 | .ISaDA.NewsProcessor:40    | Ошибка при парсинге статьи!
2023-06-14 17:18:29.342 | ERROR | -thread-13 | .ISaDA.NewsProcessor:41    | Unexpected character (п) at position 699.
2023-06-14 17:18:29.342 | ERROR | -thread-13 | .ISaDA.NewsProcessor:42    | 
2023-06-14 17:18:29.342 | ERROR | -thread-13 | .ISaDA.NewsProcessor:43    | 
2023-06-14 17:18:29.342 | ERROR | -thread-13 | .ISaDA.NewsProcessor:44    | {"title": "Куклачев описал впечатления от поцелуя Брежнева фразой «Как засосет!»","date": "15:48, 14 июня 2023","text": "Артист цирка Юрий Куклачев рассказал о встрече с генеральным секретарем ЦК КПСС Леонидом Брежневым и впечатлении от поцелуя, которым его поприветствовал лидер Советского Союза. Он описал его фразой «Как засосет!». Свои ощущения он передал в интервью Светлане Андреевой для передачи «Мужики», запись опубликована на портале Rutube.

Как рассказал Куклачев, встреча с Брежневым помогла его цирковой карьере — в те годы существовал риск быть отправленным в одну из советских республик или отдаленный город РСФСР, где артиста никто не знал.

«Раньше система какая была: ты немного "поднялся", давайте отправим его в Таджикистан, а ты кричишь — тут жарко! Тогда — Кемерово, Владивосток, где тебя никто не знает. А здесь я вдруг появился в Московском цирке, (на Ленинских горах) (...), и пришел Леонид Ильич, и меня пригласили в ложу», — вспомнил Куклачев.

По словам артиста, Брежнев наградил его крепким поцелуем неожиданно — Куклачев не знал, как отреагировать.

Леонид Брежнев занимал пост генерального секретаря ЦК КПСС с 1966 по 1982 год. Он был известен привычкой целовать в губы своих собеседников. В разные годы Брежнев целовал главу Югославии Иосифа Броза Тито, лидера Палестины Ясира Арафата и первого президента Румынии Николае Чаушеску. Самым известным поцелуем лидера СССР стало приветствие лидера ГДР Эриха Хонеккера — в 1990 году целующиеся политики были изображены на граффити художника Дмитрия Врубеля на фрагменте Берлинской стены. Граффити подписано фразой «Господи! Помоги мне выжить среди этой смертной любви».

","author": "Марк Леонов","url": "https://lenta.ru/news/2023/06/14/zasoset/"}
2023-06-14 17:18:29.342 | ERROR | -thread-13 | .ISaDA.NewsProcessor:45    | 
2023-06-14 17:18:29.342 | ERROR | -thread-13 | .ISaDA.NewsProcessor:46    | 
2023-06-14 17:18:30.178 | ERROR | -thread-18 | .ISaDA.NewsProcessor:40    | Ошибка при парсинге статьи!
2023-06-14 17:18:30.178 | ERROR | -thread-18 | .ISaDA.NewsProcessor:41    | Unexpected character (Г) at position 590.
2023-06-14 17:18:30.178 | ERROR | -thread-18 | .ISaDA.NewsProcessor:42    | 
2023-06-14 17:18:30.178 | ERROR | -thread-18 | .ISaDA.NewsProcessor:43    | 
2023-06-14 17:18:30.178 | ERROR | -thread-18 | .ISaDA.NewsProcessor:44    | {"title": "Лукашенко предсказал Зеленскому судьбу Горбачева","date": "15:18, 14 июня 2023","text": "Президент Украины Владимир Зеленский является героем для стран Запада, каким в свое время был последний глава СССР Михаил Горбачев, но впоследствии его постигнет та же судьба. Об этом заявил президент Белоруссии Александр Лукашенко, пишет РИА Новости.

По словам политика, украинский лидер не против договориться с Россией, но ему мешают представители западных стран.

«Он шастает по всему миру, его там целуют, обнимают и так далее. Ну я думал, он умнее. У нас же есть пример Горбачева — "Горби! Горби!". Целовали, и что получили? Вот точно так же будет у него», — предсказал Лукашенко.

Ранее Лукашенко заявил, что Минск получил от Москвы ракеты и бомбы, которые втрое мощнее, чем примененные в Хиросиме и Нагасаки. На уточнение журналиста, получила ли республика тактическое ядерное оружие, президент Белоруссии пояснил: «Не все, потихоньку».

","author": "Алевтина Запольская","url": "https://lenta.ru/news/2023/06/14/lukashenko_gorb/"}
2023-06-14 17:18:30.178 | ERROR | -thread-18 | .ISaDA.NewsProcessor:45    | 
2023-06-14 17:18:30.178 | ERROR | -thread-18 | .ISaDA.NewsProcessor:46    | 
2023-06-14 17:37:31.056 | ERROR | 2-thread-7 | ISaDA.NewsPageParser:69    | java.time.format.DateTimeParseException: Text '17:30, 14 июня 2023' could not be parsed at index 0
